<?xml version="1.0" encoding="UTF-8"?>
<testsuite xmlns:xsi="http://www.w3.org/2001/XMLSchema-instance" xsi:noNamespaceSchemaLocation="https://maven.apache.org/surefire/maven-surefire-plugin/xsd/surefire-test-report-3.0.xsd" version="3.0" name="com.mycompany.flight.FlightSearchTest" time="0.492" tests="20" errors="0" skipped="0" failures="0">
  <properties>
[...]
</properties>
  <testcase name="testChildrenInFirstClassNotAllowed" classname="com.mycompany.flight.FlightSearchTest" time="0.099"/>
  <testcase name="testInvalidDateFormatOrNonexistentDate" classname="com.mycompany.flight.FlightSearchTest" time="0.007"/>
  <testcase name="testInvalidSeatingClass" classname="com.mycompany.flight.FlightSearchTest" time="0.003"/>
  <testcase name="testInfantsInBusinessNotAllowed" classname="com.mycompany.flight.FlightSearchTest" time="0.004"/>
  <testcase name="testValidCaseSimpleEconomy" classname="com.mycompany.flight.FlightSearchTest" time="0.006"/>
  <testcase name="testTooManyInfantsForAdults" classname="com.mycompany.flight.FlightSearchTest" time="0.003"/>
  <testcase name="testValidCaseEconomyWithEmergencyFalse" classname="com.mycompany.flight.FlightSearchTest" time="0.002"/>
  <testcase name="testSameDepartureAndDestinationNotAllowed" classname="com.mycompany.flight.FlightSearchTest" time="0.002"/>
  <testcase name="testValidCaseBusinessWithoutInfantOrEmergency" classname="com.mycompany.flight.FlightSearchTest" time="0.003"/>
  <testcase name="testInvalidAirportCode" classname="com.mycompany.flight.FlightSearchTest" time="0.001"/>
  <testcase name="testTotalPassengersTooMany" classname="com.mycompany.flight.FlightSearchTest" time="0.002"/>
  <testcase name="testValidCasePremiumEconomyNoEmergency" classname="com.mycompany.flight.FlightSearchTest" time="0.002"/>
  <testcase name="testTooManyChildrenForAdults" classname="com.mycompany.flight.FlightSearchTest" time="0.002"/>
  <testcase name="testChildrenInEmergencyRowNotAllowed" classname="com.mycompany.flight.FlightSearchTest" time="0.007"/>
  <testcase name="testChildrenBoundaryAllowed" classname="com.mycompany.flight.FlightSearchTest" time="0.002"/>
  <testcase name="testDepartureDateInPast" classname="com.mycompany.flight.FlightSearchTest" time="0.006"/>
  <testcase name="testInfantsInEmergencyRowNotAllowed" classname="com.mycompany.flight.FlightSearchTest" time="0.007"/>
  <testcase name="testReturnBeforeDeparture" classname="com.mycompany.flight.FlightSearchTest" time="0.006"/>
  <testcase name="testTotalPassengersTooFew" classname="com.mycompany.flight.FlightSearchTest" time="0.002"/>
  <testcase name="testInfantBoundaryAllowed" classname="com.mycompany.flight.FlightSearchTest" time="0.002"/>
</testsuite>